Jul-08 10:59:38.398 [main] DEBUG nextflow.cli.Launcher - $> /usr/local/bin/nextflow run main.nf --in test_trait.tsv --nperm 10 --cross N2xCB4856cross
Jul-08 10:59:38.580 [main] INFO  nextflow.cli.CmdRun - N E X T F L O W  ~  version 0.23.3
Jul-08 10:59:38.595 [main] INFO  nextflow.cli.CmdRun - Launching `main.nf` [awesome_noyce] - revision: 7de354c604
Jul-08 10:59:38.952 [main] DEBUG nextflow.Session - Session uuid: 5cc2dc65-4441-4e4d-ac0c-233dc5cc3770
Jul-08 10:59:38.953 [main] DEBUG nextflow.Session - Run name: awesome_noyce
Jul-08 10:59:38.955 [main] DEBUG nextflow.Session - Executor pool size: 4
Jul-08 10:59:38.979 [main] DEBUG nextflow.cli.CmdRun - 
  Version: 0.23.3 build 4168
  Modified: 09-02-2017 16:46 UTC (10:46 CDT)
  System: Mac OS X 10.14.3
  Runtime: Groovy 2.4.7 on Java HotSpot(TM) 64-Bit Server VM 1.8.0_66-b17
  Encoding: UTF-8 (UTF-8)
  Process: 51387@AndersenLab-Katie.local [192.168.86.169]
  CPUs: 4 - Mem: 32 GB (8.1 GB) - Swap: 5 GB (1.1 GB)
Jul-08 10:59:38.986 [main] DEBUG nextflow.Session - Work-dir: /Users/katieevans/Dropbox/AndersenLab/LabFolders/Katie/git/scan2-nf/work [Mac OS X]
Jul-08 10:59:38.987 [main] DEBUG nextflow.Session - Script base path does not exist or is not a directory: /Users/katieevans/Dropbox/AndersenLab/LabFolders/Katie/git/scan2-nf/bin
Jul-08 10:59:39.091 [main] DEBUG nextflow.Session - Session start invoked
Jul-08 10:59:39.101 [main] DEBUG nextflow.processor.TaskDispatcher - Dispatcher > start
Jul-08 10:59:39.103 [main] DEBUG nextflow.script.ScriptRunner - > Script parsing
Jul-08 10:59:39.313 [main] DEBUG nextflow.script.ScriptRunner - > Launching execution
Jul-08 10:59:39.551 [main] DEBUG nextflow.Session - Session aborted -- Cause: No signature of method: groovyx.gpars.dataflow.DataflowQueue.randomSample() is applicable for argument types: (java.lang.Integer) values: [10]
Jul-08 10:59:39.639 [main] ERROR nextflow.cli.Launcher - @unknown
groovy.lang.MissingMethodException: No signature of method: groovyx.gpars.dataflow.DataflowQueue.randomSample() is applicable for argument types: (java.lang.Integer) values: [10]
	at org.codehaus.groovy.runtime.ScriptBytecodeAdapter.unwrap(ScriptBytecodeAdapter.java:58)
	at org.codehaus.groovy.runtime.callsite.PojoMetaClassSite.call(PojoMetaClassSite.java:49)
	at org.codehaus.groovy.runtime.callsite.CallSiteArray.defaultCall(CallSiteArray.java:48)
	at org.codehaus.groovy.runtime.callsite.AbstractCallSite.call(AbstractCallSite.java:113)
	at org.codehaus.groovy.runtime.callsite.AbstractCallSite.call(AbstractCallSite.java:125)
	at _nf_script_d799300d.run(_nf_script_d799300d:13)
	at nextflow.script.ScriptRunner.run(ScriptRunner.groovy:322)
	at nextflow.script.ScriptRunner.execute(ScriptRunner.groovy:156)
	at nextflow.cli.CmdRun.run(CmdRun.groovy:210)
	at nextflow.cli.Launcher.run(Launcher.groovy:410)
	at nextflow.cli.Launcher.main(Launcher.groovy:558)
